
> vibe-generated-app@1.0.0 dev
> vite


  VITE v5.4.20  ready in 222 ms

  ➜  Local:   http://localhost:3000/
  ➜  Network: http://172.20.40.21:3000/
12:08:17 AM [vite] Pre-transform error: Transform failed with 1 error:
/home/workspace/src/components/DesignSystemDoc.jsx:65:50: ERROR: Expected identifier but found "6"
12:08:21 AM [vite] Internal server error: Transform failed with 1 error:
/home/workspace/src/components/DesignSystemDoc.jsx:65:50: ERROR: Expected identifier but found "6"
  Plugin: vite:esbuild
  File: /home/workspace/src/components/DesignSystemDoc.jsx:65:50
  
  Expected identifier but found "6"
  63 |              <li>Grid: 1 → 2 → 3 columns at 640px and 1024px breakpoints respectively.</li>
  64 |              <li>Type scales down by one step at each breakpoint; maintain minimum tap targets of 44px.</li>
  65 |              <li>Navbar condenses to icon-only at <640px, shows labels at ≥640px.</li>
     |                                                    ^
  66 |              <li>Hero min-height 80vh (mobile) → 100vh (desktop); buttons stack on mobile.</li>
  67 |            </ul>
  
      at failureErrorWithLog (/home/workspace/node_modules/esbuild/lib/main.js:1472:15)
      at /home/workspace/node_modules/esbuild/lib/main.js:755:50
      at responseCallbacks.<computed> (/home/workspace/node_modules/esbuild/lib/main.js:622:9)
      at handleIncomingPacket (/home/workspace/node_modules/esbuild/lib/main.js:677:12)
      at Socket.readFromStdout (/home/workspace/node_modules/esbuild/lib/main.js:600:7)
      at Socket.emit (node:events:508:28)
      at addChunk (node:internal/streams/readable:559:12)
      at readableAddChunkPushByteMode (node:internal/streams/readable:510:3)
      at Readable.push (node:internal/streams/readable:390:5)
      at Pipe.onStreamRead (node:internal/stream_base_commons:189:23)
